{"/home/dfsp/Downloads/example/server/PacketReceived.ts": {"path":"/home/dfsp/Downloads/example/server/PacketReceived.ts","statementMap":{"0":{"start":{"line":35,"column":4},"end":{"line":35,"column":42}},"1":{"start":{"line":36,"column":4},"end":{"line":36,"column":50}},"2":{"start":{"line":37,"column":4},"end":{"line":37,"column":50}},"3":{"start":{"line":38,"column":4},"end":{"line":41,"column":6}},"4":{"start":{"line":42,"column":4},"end":{"line":42,"column":44}},"5":{"start":{"line":43,"column":4},"end":{"line":43,"column":56}},"6":{"start":{"line":44,"column":4},"end":{"line":44,"column":27}},"7":{"start":{"line":49,"column":22},"end":{"line":49,"column":44}},"8":{"start":{"line":50,"column":4},"end":{"line":52,"column":5}},"9":{"start":{"line":51,"column":6},"end":{"line":51,"column":23}},"10":{"start":{"line":53,"column":4},"end":{"line":53,"column":43}},"11":{"start":{"line":57,"column":19},"end":{"line":57,"column":45}},"12":{"start":{"line":58,"column":16},"end":{"line":58,"column":40}},"13":{"start":{"line":59,"column":13},"end":{"line":59,"column":47}},"14":{"start":{"line":61,"column":4},"end":{"line":61,"column":14}},"15":{"start":{"line":65,"column":4},"end":{"line":69,"column":5}},"16":{"start":{"line":66,"column":6},"end":{"line":66,"column":33}},"17":{"start":{"line":68,"column":6},"end":{"line":68,"column":32}},"18":{"start":{"line":73,"column":4},"end":{"line":134,"column":24}},"19":{"start":{"line":74,"column":26},"end":{"line":74,"column":46}},"20":{"start":{"line":75,"column":31},"end":{"line":75,"column":51}},"21":{"start":{"line":77,"column":22},"end":{"line":79,"column":19}},"22":{"start":{"line":81,"column":27},"end":{"line":81,"column":29}},"23":{"start":{"line":82,"column":6},"end":{"line":84,"column":7}},"24":{"start":{"line":83,"column":8},"end":{"line":83,"column":38}},"25":{"start":{"line":86,"column":6},"end":{"line":133,"column":25}},"26":{"start":{"line":90,"column":18},"end":{"line":90,"column":30}},"27":{"start":{"line":91,"column":19},"end":{"line":95,"column":9}},"28":{"start":{"line":97,"column":8},"end":{"line":101,"column":9}},"29":{"start":{"line":98,"column":10},"end":{"line":98,"column":22}},"30":{"start":{"line":100,"column":10},"end":{"line":100,"column":23}},"31":{"start":{"line":107,"column":13},"end":{"line":133,"column":25}},"32":{"start":{"line":108,"column":18},"end":{"line":108,"column":30}},"33":{"start":{"line":109,"column":19},"end":{"line":113,"column":9}},"34":{"start":{"line":115,"column":8},"end":{"line":119,"column":9}},"35":{"start":{"line":116,"column":10},"end":{"line":116,"column":22}},"36":{"start":{"line":118,"column":10},"end":{"line":118,"column":23}},"37":{"start":{"line":120,"column":13},"end":{"line":133,"column":25}},"38":{"start":{"line":121,"column":18},"end":{"line":121,"column":30}},"39":{"start":{"line":122,"column":19},"end":{"line":126,"column":9}},"40":{"start":{"line":128,"column":8},"end":{"line":132,"column":9}},"41":{"start":{"line":129,"column":10},"end":{"line":129,"column":22}},"42":{"start":{"line":131,"column":10},"end":{"line":131,"column":23}},"43":{"start":{"line":133,"column":13},"end":{"line":133,"column":25}},"44":{"start":{"line":134,"column":11},"end":{"line":134,"column":24}},"45":{"start":{"line":138,"column":22},"end":{"line":138,"column":46}},"46":{"start":{"line":139,"column":16},"end":{"line":139,"column":46}},"47":{"start":{"line":141,"column":4},"end":{"line":141,"column":51}},"48":{"start":{"line":142,"column":4},"end":{"line":142,"column":17}},"49":{"start":{"line":146,"column":22},"end":{"line":146,"column":46}},"50":{"start":{"line":147,"column":14},"end":{"line":147,"column":53}},"51":{"start":{"line":148,"column":4},"end":{"line":148,"column":15}}},"fnMap":{"0":{"name":"(anonymous_0)","decl":{"start":{"line":34,"column":2},"end":{"line":34,"column":3}},"loc":{"start":{"line":34,"column":70},"end":{"line":45,"column":3}},"line":34},"1":{"name":"(anonymous_1)","decl":{"start":{"line":48,"column":2},"end":{"line":48,"column":3}},"loc":{"start":{"line":48,"column":61},"end":{"line":54,"column":3}},"line":48},"2":{"name":"(anonymous_2)","decl":{"start":{"line":56,"column":2},"end":{"line":56,"column":3}},"loc":{"start":{"line":56,"column":37},"end":{"line":62,"column":3}},"line":56},"3":{"name":"(anonymous_3)","decl":{"start":{"line":64,"column":2},"end":{"line":64,"column":3}},"loc":{"start":{"line":64,"column":41},"end":{"line":70,"column":3}},"line":64},"4":{"name":"(anonymous_4)","decl":{"start":{"line":72,"column":2},"end":{"line":72,"column":3}},"loc":{"start":{"line":72,"column":69},"end":{"line":135,"column":3}},"line":72},"5":{"name":"(anonymous_5)","decl":{"start":{"line":137,"column":2},"end":{"line":137,"column":3}},"loc":{"start":{"line":137,"column":36},"end":{"line":143,"column":3}},"line":137},"6":{"name":"(anonymous_6)","decl":{"start":{"line":145,"column":2},"end":{"line":145,"column":3}},"loc":{"start":{"line":145,"column":44},"end":{"line":149,"column":3}},"line":145}},"branchMap":{"0":{"loc":{"start":{"line":50,"column":4},"end":{"line":52,"column":5}},"type":"if","locations":[{"start":{"line":50,"column":4},"end":{"line":52,"column":5}},{"start":{},"end":{}}],"line":50},"1":{"loc":{"start":{"line":65,"column":4},"end":{"line":69,"column":5}},"type":"if","locations":[{"start":{"line":65,"column":4},"end":{"line":69,"column":5}},{"start":{"line":67,"column":11},"end":{"line":69,"column":5}}],"line":65},"2":{"loc":{"start":{"line":73,"column":4},"end":{"line":134,"column":24}},"type":"if","locations":[{"start":{"line":73,"column":4},"end":{"line":134,"column":24}},{"start":{"line":134,"column":11},"end":{"line":134,"column":24}}],"line":73},"3":{"loc":{"start":{"line":82,"column":6},"end":{"line":84,"column":7}},"type":"if","locations":[{"start":{"line":82,"column":6},"end":{"line":84,"column":7}},{"start":{},"end":{}}],"line":82},"4":{"loc":{"start":{"line":86,"column":6},"end":{"line":133,"column":25}},"type":"if","locations":[{"start":{"line":86,"column":6},"end":{"line":133,"column":25}},{"start":{"line":107,"column":13},"end":{"line":133,"column":25}}],"line":86},"5":{"loc":{"start":{"line":87,"column":8},"end":{"line":88,"column":51}},"type":"binary-expr","locations":[{"start":{"line":87,"column":8},"end":{"line":87,"column":32}},{"start":{"line":88,"column":8},"end":{"line":88,"column":51}}],"line":87},"6":{"loc":{"start":{"line":97,"column":8},"end":{"line":101,"column":9}},"type":"if","locations":[{"start":{"line":97,"column":8},"end":{"line":101,"column":9}},{"start":{"line":99,"column":15},"end":{"line":101,"column":9}}],"line":97},"7":{"loc":{"start":{"line":107,"column":13},"end":{"line":133,"column":25}},"type":"if","locations":[{"start":{"line":107,"column":13},"end":{"line":133,"column":25}},{"start":{"line":120,"column":13},"end":{"line":133,"column":25}}],"line":107},"8":{"loc":{"start":{"line":115,"column":8},"end":{"line":119,"column":9}},"type":"if","locations":[{"start":{"line":115,"column":8},"end":{"line":119,"column":9}},{"start":{"line":117,"column":15},"end":{"line":119,"column":9}}],"line":115},"9":{"loc":{"start":{"line":120,"column":13},"end":{"line":133,"column":25}},"type":"if","locations":[{"start":{"line":120,"column":13},"end":{"line":133,"column":25}},{"start":{"line":133,"column":13},"end":{"line":133,"column":25}}],"line":120},"10":{"loc":{"start":{"line":128,"column":8},"end":{"line":132,"column":9}},"type":"if","locations":[{"start":{"line":128,"column":8},"end":{"line":132,"column":9}},{"start":{"line":130,"column":15},"end":{"line":132,"column":9}}],"line":128}},"s":{"0":1,"1":1,"2":1,"3":1,"4":1,"5":1,"6":1,"7":1,"8":1,"9":1,"10":0,"11":1,"12":1,"13":1,"14":1,"15":1,"16":1,"17":0,"18":1,"19":1,"20":1,"21":1,"22":1,"23":1,"24":1,"25":1,"26":1,"27":1,"28":1,"29":1,"30":0,"31":0,"32":0,"33":0,"34":0,"35":0,"36":0,"37":0,"38":0,"39":0,"40":0,"41":0,"42":0,"43":0,"44":0,"45":1,"46":1,"47":1,"48":1,"49":1,"50":1,"51":1},"f":{"0":1,"1":1,"2":1,"3":1,"4":1,"5":1,"6":1},"b":{"0":[1,0],"1":[1,0],"2":[1,0],"3":[1,0],"4":[1,0],"5":[1,1],"6":[1,0],"7":[0,0],"8":[0,0],"9":[0,0],"10":[0,0]},"_coverageSchema":"1a1c01bbd47fc00a2c39e90264f33305004495a9","hash":"ba8d7fc88c462926fb4641a1b641be120c6ce7d1"}
}
