TN:
SF:PacketReceived.ts
FN:34,(anonymous_0)
FN:48,(anonymous_1)
FN:56,(anonymous_2)
FN:64,(anonymous_3)
FN:72,(anonymous_4)
FN:137,(anonymous_5)
FN:145,(anonymous_6)
FNF:7
FNH:7
FNDA:1,(anonymous_0)
FNDA:1,(anonymous_1)
FNDA:1,(anonymous_2)
FNDA:1,(anonymous_3)
FNDA:1,(anonymous_4)
FNDA:1,(anonymous_5)
FNDA:1,(anonymous_6)
DA:35,1
DA:36,1
DA:37,1
DA:38,1
DA:42,1
DA:43,1
DA:44,1
DA:49,1
DA:50,1
DA:51,1
DA:53,0
DA:57,1
DA:58,1
DA:59,1
DA:61,1
DA:65,1
DA:66,1
DA:68,0
DA:73,1
DA:74,1
DA:75,1
DA:77,1
DA:81,1
DA:82,1
DA:83,1
DA:86,1
DA:90,1
DA:91,1
DA:97,1
DA:98,1
DA:100,0
DA:107,0
DA:108,0
DA:109,0
DA:115,0
DA:116,0
DA:118,0
DA:120,0
DA:121,0
DA:122,0
DA:128,0
DA:129,0
DA:131,0
DA:133,0
DA:134,0
DA:138,1
DA:139,1
DA:141,1
DA:142,1
DA:146,1
DA:147,1
DA:148,1
LF:52
LH:35
BRDA:50,0,0,1
BRDA:50,0,1,0
BRDA:65,1,0,1
BRDA:65,1,1,0
BRDA:73,2,0,1
BRDA:73,2,1,0
BRDA:82,3,0,1
BRDA:82,3,1,0
BRDA:86,4,0,1
BRDA:86,4,1,0
BRDA:87,5,0,1
BRDA:87,5,1,1
BRDA:97,6,0,1
BRDA:97,6,1,0
BRDA:107,7,0,0
BRDA:107,7,1,0
BRDA:115,8,0,0
BRDA:115,8,1,0
BRDA:120,9,0,0
BRDA:120,9,1,0
BRDA:128,10,0,0
BRDA:128,10,1,0
BRF:22
BRH:8
end_of_record
